<?xml version="1.0" encoding="UTF-8"?>
<!-- Generated by org.testng.reporters.JUnitXMLReporter -->
<testsuite ignored="0" hostname="LAPTOP-AS1U2ANL" failures="0" tests="8" name="Test" time="92.314" errors="0" timestamp="2023-03-19T21:26:49 IST">
  <testcase classname="testCases.AmazonHomePage" name="loginInTest" time="6.807"/>
  <testcase classname="testCases.AmazonHomePage" name="Searchproduct" time="4.051"/>
  <testcase classname="testCases.AmazonHomePage" name="filterSearchResult" time="9.897"/>
  <testcase classname="testCases.AmazonHomePage" name="addProductTocart" time="23.31"/>
  <testcase classname="testCases.AmazonHomePage" name="cartProducts" time="1.229"/>
  <testcase classname="testCases.AmazonHomePage" name="addAddress" time="6.933"/>
  <testcase classname="testCases.AmazonHomePage" name="paymentOption" time="6.612"/>
  <testcase classname="testCases.AmazonHomePage" name="placeOrder" time="4.441"/>
</testsuite> <!-- Test -->
